# JRE version: OpenJDK Runtime Environment Temurin-21.0.3+9 (21.0.3+9) (build 21.0.3+9-LTS)
# Java VM: OpenJDK 64-Bit Server VM Temurin-21.0.3+9 (21.0.3+9-LTS, mixed mode, emulated-client, tiered, compressed oops, compressed class ptrs, g1 gc, bsd-aarch64)
GC Precious Log:
 CardTable entry size: 512
 Card Set container configuration: InlinePtr #cards 4 size 8 Array Of Cards #cards 16 size 48 Howl #buckets 8 coarsen threshold 3686 Howl Bitmap #cards 512 size 80 coarsen threshold 460 Card regions per heap region 1 cards per card region 4096
 CPUs: 8 total, 8 available
 Memory: 16384M
 Large Page Support: Disabled
 NUMA Support: Disabled
 Compressed Oops: Enabled (Zero based)
 Heap Region Size: 2M
 Heap Min Capacity: 8M
 Heap Initial Capacity: 256M
 Heap Max Capacity: 4G
 Pre-touch: Disabled
 Parallel Workers: 8
 Concurrent Workers: 2
 Concurrent Refinement Workers: 8
 Periodic GC: Disabled
Heap:
 garbage-first heap   total 194560K, used 102818K [0x0000000700000000, 0x0000000800000000)
  region size 2048K, 6 young (12288K), 3 survivors (6144K)
 Metaspace       used 119420K, committed 120896K, reserved 1179648K
  class space    used 15868K, committed 16576K, reserved 1048576K
GC Heap History (20 events):
Event: 10978.282 GC heap before
{Heap before GC invocations=97 (full 8):
 garbage-first heap   total 163840K, used 96680K [0x0000000700000000, 0x0000000800000000)
  region size 2048K, 9 young (18432K), 4 survivors (8192K)
 Metaspace       used 115871K, committed 117312K, reserved 1179648K
  class space    used 15563K, committed 16256K, reserved 1048576K
}
Event: 10978.284 GC heap after
{Heap after GC invocations=98 (full 8):
 garbage-first heap   total 163840K, used 89771K [0x0000000700000000, 0x0000000800000000)
  region size 2048K, 1 young (2048K), 1 survivors (2048K)
 Metaspace       used 115871K, committed 117312K, reserved 1179648K
  class space    used 15563K, committed 16256K, reserved 1048576K
}
Event: 10979.766 GC heap before
{Heap before GC invocations=99 (full 8):
 garbage-first heap   total 174080K, used 102059K [0x0000000700000000, 0x0000000800000000)
  region size 2048K, 8 young (16384K), 1 survivors (2048K)
 Metaspace       used 116045K, committed 117504K, reserved 1179648K
  class space    used 15578K, committed 16256K, reserved 1048576K
}
Event: 10979.828 GC heap after
{Heap after GC invocations=100 (full 9):
 garbage-first heap   total 174080K, used 81270K [0x0000000700000000, 0x0000000800000000)
  region size 2048K, 0 young (0K), 0 survivors (0K)
 Metaspace       used 116045K, committed 117504K, reserved 1179648K
  class space    used 15578K, committed 16256K, reserved 1048576K
}
Event: 10980.041 GC heap before
{Heap before GC invocations=100 (full 9):
 garbage-first heap   total 174080K, used 146806K [0x0000000700000000, 0x0000000800000000)
  region size 2048K, 33 young (67584K), 0 survivors (0K)
 Metaspace       used 116464K, committed 117952K, reserved 1179648K
  class space    used 15627K, committed 16320K, reserved 1048576K
}
Event: 10980.043 GC heap after
{Heap after GC invocations=101 (full 9):
 garbage-first heap   total 174080K, used 86836K [0x0000000700000000, 0x0000000800000000)
  region size 2048K, 3 young (6144K), 3 survivors (6144K)
 Metaspace       used 116464K, committed 117952K, reserved 1179648K
  class space    used 15627K, committed 16320K, reserved 1048576K
}
Event: 10980.317 GC heap before
{Heap before GC invocations=102 (full 9):
 garbage-first heap   total 174080K, used 150324K [0x0000000700000000, 0x0000000800000000)
  region size 2048K, 34 young (69632K), 3 survivors (6144K)
 Metaspace       used 117189K, committed 118656K, reserved 1179648K
  class space    used 15681K, committed 16384K, reserved 1048576K
}
Event: 10980.320 GC heap after
{Heap after GC invocations=103 (full 9):
 garbage-first heap   total 174080K, used 91730K [0x0000000700000000, 0x0000000800000000)
  region size 2048K, 3 young (6144K), 3 survivors (6144K)
 Metaspace       used 117189K, committed 118656K, reserved 1179648K
  class space    used 15681K, committed 16384K, reserved 1048576K
}
Event: 11016.367 GC heap before
{Heap before GC invocations=103 (full 9):
 garbage-first heap   total 174080K, used 101970K [0x0000000700000000, 0x0000000800000000)
  region size 2048K, 9 young (18432K), 3 survivors (6144K)
 Metaspace       used 117193K, committed 118720K, reserved 1179648K
  class space    used 15682K, committed 16384K, reserved 1048576K
}
Event: 11016.464 GC heap after
{Heap after GC invocations=104 (full 10):
 garbage-first heap   total 174080K, used 84651K [0x0000000700000000, 0x0000000800000000)
  region size 2048K, 0 young (0K), 0 survivors (0K)
 Metaspace       used 117193K, committed 118720K, reserved 1179648K
  class space    used 15682K, committed 16384K, reserved 1048576K
}
Event: 11016.706 GC heap before
{Heap before GC invocations=104 (full 10):
 garbage-first heap   total 174080K, used 150187K [0x0000000700000000, 0x0000000800000000)
  region size 2048K, 33 young (67584K), 0 survivors (0K)
 Metaspace       used 117611K, committed 119104K, reserved 1179648K
  class space    used 15731K, committed 16448K, reserved 1048576K
}
Event: 11016.708 GC heap after
{Heap after GC invocations=105 (full 10):
 garbage-first heap   total 174080K, used 90313K [0x0000000700000000, 0x0000000800000000)
  region size 2048K, 3 young (6144K), 3 survivors (6144K)
 Metaspace       used 117611K, committed 119104K, reserved 1179648K
  class space    used 15731K, committed 16448K, reserved 1048576K
}
Event: 11016.998 GC heap before
{Heap before GC invocations=106 (full 10):
 garbage-first heap   total 184320K, used 151753K [0x0000000700000000, 0x0000000800000000)
  region size 2048K, 33 young (67584K), 3 survivors (6144K)
 Metaspace       used 118279K, committed 119808K, reserved 1179648K
  class space    used 15783K, committed 16512K, reserved 1048576K
}
Event: 11017.001 GC heap after
{Heap after GC invocations=107 (full 10):
 garbage-first heap   total 184320K, used 94569K [0x0000000700000000, 0x0000000800000000)
  region size 2048K, 3 young (6144K), 3 survivors (6144K)
 Metaspace       used 118279K, committed 119808K, reserved 1179648K
  class space    used 15783K, committed 16512K, reserved 1048576K
}
Event: 11098.723 GC heap before
{Heap before GC invocations=107 (full 10):
 garbage-first heap   total 184320K, used 115049K [0x0000000700000000, 0x0000000800000000)
  region size 2048K, 14 young (28672K), 3 survivors (6144K)
 Metaspace       used 118360K, committed 119872K, reserved 1179648K
  class space    used 15792K, committed 16512K, reserved 1048576K
}
Event: 11098.840 GC heap after
{Heap after GC invocations=108 (full 11):
 garbage-first heap   total 184320K, used 89621K [0x0000000700000000, 0x0000000800000000)
  region size 2048K, 0 young (0K), 0 survivors (0K)
 Metaspace       used 118360K, committed 119872K, reserved 1179648K
  class space    used 15792K, committed 16512K, reserved 1048576K
}
Event: 11099.082 GC heap before
{Heap before GC invocations=108 (full 11):
 garbage-first heap   total 184320K, used 161301K [0x0000000700000000, 0x0000000800000000)
  region size 2048K, 35 young (71680K), 0 survivors (0K)
 Metaspace       used 118795K, committed 120320K, reserved 1179648K
  class space    used 15842K, committed 16576K, reserved 1048576K
}
Event: 11099.084 GC heap after
{Heap after GC invocations=109 (full 11):
 garbage-first heap   total 184320K, used 95428K [0x0000000700000000, 0x0000000800000000)
  region size 2048K, 3 young (6144K), 3 survivors (6144K)
 Metaspace       used 118795K, committed 120320K, reserved 1179648K
  class space    used 15842K, committed 16576K, reserved 1048576K
}
Event: 11099.416 GC heap before
{Heap before GC invocations=110 (full 11):
 garbage-first heap   total 194560K, used 158916K [0x0000000700000000, 0x0000000800000000)
  region size 2048K, 34 young (69632K), 3 survivors (6144K)
 Metaspace       used 119395K, committed 120896K, reserved 1179648K
  class space    used 15866K, committed 16576K, reserved 1048576K
}
Event: 11099.420 GC heap after
{Heap after GC invocations=111 (full 11):
 garbage-first heap   total 194560K, used 98722K [0x0000000700000000, 0x0000000800000000)
  region size 2048K, 3 young (6144K), 3 survivors (6144K)
 Metaspace       used 119395K, committed 120896K, reserved 1179648K
  class space    used 15866K, committed 16576K, reserved 1048576K
}

